# JRE version: Java(TM) SE Runtime Environment (8.0_201-b09) (build 1.8.0_201-b09)
# Java VM: Java HotSpot(TM) 64-Bit Server VM (25.201-b09 mixed mode windows-amd64 compressed oops)
Heap:
 PSYoungGen      total 76288K, used 57268K [0x00000000eab00000, 0x00000000f2300000, 0x0000000100000000)
  eden space 65536K, 78% used [0x00000000eab00000,0x00000000edcfece0,0x00000000eeb00000)
  from space 10752K, 56% used [0x00000000eeb00000,0x00000000ef0ee528,0x00000000ef580000)
  to   space 8704K, 0% used [0x00000000f1a80000,0x00000000f1a80000,0x00000000f2300000)
 ParOldGen       total 92672K, used 4214K [0x00000000c0000000, 0x00000000c5a80000, 0x00000000eab00000)
  object space 92672K, 4% used [0x00000000c0000000,0x00000000c041daa0,0x00000000c5a80000)
 Metaspace       used 29114K, capacity 29346K, committed 29824K, reserved 1075200K
  class space    used 4128K, capacity 4207K, committed 4224K, reserved 1048576K
GC Heap History (10 events):
Event: 1.568 GC heap before
{Heap before GC invocations=2 (full 0):
 PSYoungGen      total 76288K, used 72100K [0x00000000eab00000, 0x00000000f0000000, 0x0000000100000000)
  eden space 65536K, 100% used [0x00000000eab00000,0x00000000eeb00000,0x00000000eeb00000)
  from space 10752K, 61% used [0x00000000eeb00000,0x00000000ef1693e0,0x00000000ef580000)
  to   space 10752K, 0% used [0x00000000ef580000,0x00000000ef580000,0x00000000f0000000)
 ParOldGen       total 175104K, used 8K [0x00000000c0000000, 0x00000000cab00000, 0x00000000eab00000)
  object space 175104K, 0% used [0x00000000c0000000,0x00000000c0002000,0x00000000cab00000)
 Metaspace       used 14840K, capacity 15004K, committed 15104K, reserved 1062912K
  class space    used 2173K, capacity 2228K, committed 2304K, reserved 1048576K
Event: 1.574 GC heap after
Heap after GC invocations=2 (full 0):
 PSYoungGen      total 76288K, used 7440K [0x00000000eab00000, 0x00000000f0000000, 0x0000000100000000)
  eden space 65536K, 0% used [0x00000000eab00000,0x00000000eab00000,0x00000000eeb00000)
  from space 10752K, 69% used [0x00000000ef580000,0x00000000efcc42f0,0x00000000f0000000)
  to   space 10752K, 0% used [0x00000000eeb00000,0x00000000eeb00000,0x00000000ef580000)
 ParOldGen       total 175104K, used 24K [0x00000000c0000000, 0x00000000cab00000, 0x00000000eab00000)
  object space 175104K, 0% used [0x00000000c0000000,0x00000000c0006018,0x00000000cab00000)
 Metaspace       used 14840K, capacity 15004K, committed 15104K, reserved 1062912K
  class space    used 2173K, capacity 2228K, committed 2304K, reserved 1048576K
}
Event: 2.046 GC heap before
{Heap before GC invocations=3 (full 0):
 PSYoungGen      total 76288K, used 72976K [0x00000000eab00000, 0x00000000f0000000, 0x0000000100000000)
  eden space 65536K, 100% used [0x00000000eab00000,0x00000000eeb00000,0x00000000eeb00000)
  from space 10752K, 69% used [0x00000000ef580000,0x00000000efcc42f0,0x00000000f0000000)
  to   space 10752K, 0% used [0x00000000eeb00000,0x00000000eeb00000,0x00000000ef580000)
 ParOldGen       total 175104K, used 24K [0x00000000c0000000, 0x00000000cab00000, 0x00000000eab00000)
  object space 175104K, 0% used [0x00000000c0000000,0x00000000c0006018,0x00000000cab00000)
 Metaspace       used 19847K, capacity 20008K, committed 20096K, reserved 1067008K
  class space    used 2883K, capacity 2934K, committed 2944K, reserved 1048576K
Event: 2.050 GC heap after
Heap after GC invocations=3 (full 0):
 PSYoungGen      total 76288K, used 7730K [0x00000000eab00000, 0x00000000f0000000, 0x0000000100000000)
  eden space 65536K, 0% used [0x00000000eab00000,0x00000000eab00000,0x00000000eeb00000)
  from space 10752K, 71% used [0x00000000eeb00000,0x00000000ef28c920,0x00000000ef580000)
  to   space 10752K, 0% used [0x00000000ef580000,0x00000000ef580000,0x00000000f0000000)
 ParOldGen       total 175104K, used 96K [0x00000000c0000000, 0x00000000cab00000, 0x00000000eab00000)
  object space 175104K, 0% used [0x00000000c0000000,0x00000000c0018028,0x00000000cab00000)
 Metaspace       used 19847K, capacity 20008K, committed 20096K, reserved 1067008K
  class space    used 2883K, capacity 2934K, committed 2944K, reserved 1048576K
}
Event: 2.109 GC heap before
{Heap before GC invocations=4 (full 0):
 PSYoungGen      total 76288K, used 10337K [0x00000000eab00000, 0x00000000f0000000, 0x0000000100000000)
  eden space 65536K, 3% used [0x00000000eab00000,0x00000000ead8bb90,0x00000000eeb00000)
  from space 10752K, 71% used [0x00000000eeb00000,0x00000000ef28c920,0x00000000ef580000)
  to   space 10752K, 0% used [0x00000000ef580000,0x00000000ef580000,0x00000000f0000000)
 ParOldGen       total 175104K, used 96K [0x00000000c0000000, 0x00000000cab00000, 0x00000000eab00000)
  object space 175104K, 0% used [0x00000000c0000000,0x00000000c0018028,0x00000000cab00000)
 Metaspace       used 20928K, capacity 21108K, committed 21248K, reserved 1067008K
  class space    used 3026K, capacity 3068K, committed 3072K, reserved 1048576K
Event: 2.112 GC heap after
Heap after GC invocations=4 (full 0):
 PSYoungGen      total 76288K, used 4240K [0x00000000eab00000, 0x00000000f0000000, 0x0000000100000000)
  eden space 65536K, 0% used [0x00000000eab00000,0x00000000eab00000,0x00000000eeb00000)
  from space 10752K, 39% used [0x00000000ef580000,0x00000000ef9a41a0,0x00000000f0000000)
  to   space 10752K, 0% used [0x00000000eeb00000,0x00000000eeb00000,0x00000000ef580000)
 ParOldGen       total 175104K, used 104K [0x00000000c0000000, 0x00000000cab00000, 0x00000000eab00000)
  object space 175104K, 0% used [0x00000000c0000000,0x00000000c001a028,0x00000000cab00000)
 Metaspace       used 20928K, capacity 21108K, committed 21248K, reserved 1067008K
  class space    used 3026K, capacity 3068K, committed 3072K, reserved 1048576K
}
Event: 2.112 GC heap before
{Heap before GC invocations=5 (full 1):
 PSYoungGen      total 76288K, used 4240K [0x00000000eab00000, 0x00000000f0000000, 0x0000000100000000)
  eden space 65536K, 0% used [0x00000000eab00000,0x00000000eab00000,0x00000000eeb00000)
  from space 10752K, 39% used [0x00000000ef580000,0x00000000ef9a41a0,0x00000000f0000000)
  to   space 10752K, 0% used [0x00000000eeb00000,0x00000000eeb00000,0x00000000ef580000)
 ParOldGen       total 175104K, used 104K [0x00000000c0000000, 0x00000000cab00000, 0x00000000eab00000)
  object space 175104K, 0% used [0x00000000c0000000,0x00000000c001a028,0x00000000cab00000)
 Metaspace       used 20928K, capacity 21108K, committed 21248K, reserved 1067008K
  class space    used 3026K, capacity 3068K, committed 3072K, reserved 1048576K
Event: 2.133 GC heap after
Heap after GC invocations=5 (full 1):
 PSYoungGen      total 76288K, used 0K [0x00000000eab00000, 0x00000000f0000000, 0x0000000100000000)
  eden space 65536K, 0% used [0x00000000eab00000,0x00000000eab00000,0x00000000eeb00000)
  from space 10752K, 0% used [0x00000000ef580000,0x00000000ef580000,0x00000000f0000000)
  to   space 10752K, 0% used [0x00000000eeb00000,0x00000000eeb00000,0x00000000ef580000)
 ParOldGen       total 92672K, used 4206K [0x00000000c0000000, 0x00000000c5a80000, 0x00000000eab00000)
  object space 92672K, 4% used [0x00000000c0000000,0x00000000c041baa0,0x00000000c5a80000)
 Metaspace       used 20928K, capacity 21108K, committed 21248K, reserved 1067008K
  class space    used 3026K, capacity 3068K, committed 3072K, reserved 1048576K
}
Event: 2.997 GC heap before
{Heap before GC invocations=6 (full 1):
 PSYoungGen      total 76288K, used 65536K [0x00000000eab00000, 0x00000000f0000000, 0x0000000100000000)
  eden space 65536K, 100% used [0x00000000eab00000,0x00000000eeb00000,0x00000000eeb00000)
  from space 10752K, 0% used [0x00000000ef580000,0x00000000ef580000,0x00000000f0000000)
  to   space 10752K, 0% used [0x00000000eeb00000,0x00000000eeb00000,0x00000000ef580000)
 ParOldGen       total 92672K, used 4206K [0x00000000c0000000, 0x00000000c5a80000, 0x00000000eab00000)
  object space 92672K, 4% used [0x00000000c0000000,0x00000000c041baa0,0x00000000c5a80000)
 Metaspace       used 26034K, capacity 26256K, committed 26624K, reserved 1073152K
  class space    used 3733K, capacity 3820K, committed 3840K, reserved 1048576K
Event: 3.000 GC heap after
Heap after GC invocations=6 (full 1):
 PSYoungGen      total 76288K, used 6073K [0x00000000eab00000, 0x00000000f2300000, 0x0000000100000000)
  eden space 65536K, 0% used [0x00000000eab00000,0x00000000eab00000,0x00000000eeb00000)
  from space 10752K, 56% used [0x00000000eeb00000,0x00000000ef0ee528,0x00000000ef580000)
  to   space 8704K, 0% used [0x00000000f1a80000,0x00000000f1a80000,0x00000000f2300000)
 ParOldGen       total 92672K, used 4214K [0x00000000c0000000, 0x00000000c5a80000, 0x00000000eab00000)
  object space 92672K, 4% used [0x00000000c0000000,0x00000000c041daa0,0x00000000c5a80000)
 Metaspace       used 26034K, capacity 26256K, committed 26624K, reserved 1073152K
  class space    used 3733K, capacity 3820K, committed 3840K, reserved 1048576K
}

