# JRE version: Java(TM) SE Runtime Environment (8.0_201-b09) (build 1.8.0_201-b09)
# Java VM: Java HotSpot(TM) 64-Bit Server VM (25.201-b09 mixed mode windows-amd64 compressed oops)
Heap:
 PSYoungGen      total 212480K, used 16518K [0x00000000eab00000, 0x00000000f8e00000, 0x0000000100000000)
  eden space 203776K, 4% used [0x00000000eab00000,0x00000000eb371080,0x00000000f7200000)
  from space 8704K, 90% used [0x00000000f8580000,0x00000000f8d30988,0x00000000f8e00000)
  to   space 14336K, 0% used [0x00000000f7200000,0x00000000f7200000,0x00000000f8000000)
 ParOldGen       total 217088K, used 21126K [0x00000000c0000000, 0x00000000cd400000, 0x00000000eab00000)
  object space 217088K, 9% used [0x00000000c0000000,0x00000000c14a1910,0x00000000cd400000)
 Metaspace       used 65447K, capacity 65996K, committed 66392K, reserved 1105920K
  class space    used 9856K, capacity 9976K, committed 10072K, reserved 1048576K
GC Heap History (10 events):
Event: 8.340 GC heap before
{Heap before GC invocations=11 (full 2):
 PSYoungGen      total 146944K, used 146910K [0x00000000eab00000, 0x00000000f5a80000, 0x0000000100000000)
  eden space 140800K, 100% used [0x00000000eab00000,0x00000000f3480000,0x00000000f3480000)
  from space 6144K, 99% used [0x00000000f5480000,0x00000000f5a779e0,0x00000000f5a80000)
  to   space 9728K, 0% used [0x00000000f4780000,0x00000000f4780000,0x00000000f5100000)
 ParOldGen       total 154624K, used 12544K [0x00000000c0000000, 0x00000000c9700000, 0x00000000eab00000)
  object space 154624K, 8% used [0x00000000c0000000,0x00000000c0c400d0,0x00000000c9700000)
 Metaspace       used 48189K, capacity 48626K, committed 49112K, reserved 1091584K
  class space    used 7203K, capacity 7286K, committed 7384K, reserved 1048576K
Event: 8.346 GC heap after
Heap after GC invocations=11 (full 2):
 PSYoungGen      total 169984K, used 9725K [0x00000000eab00000, 0x00000000f6680000, 0x0000000100000000)
  eden space 160256K, 0% used [0x00000000eab00000,0x00000000eab00000,0x00000000f4780000)
  from space 9728K, 99% used [0x00000000f4780000,0x00000000f50ff6e0,0x00000000f5100000)
  to   space 11264K, 0% used [0x00000000f5b80000,0x00000000f5b80000,0x00000000f6680000)
 ParOldGen       total 154624K, used 14307K [0x00000000c0000000, 0x00000000c9700000, 0x00000000eab00000)
  object space 154624K, 9% used [0x00000000c0000000,0x00000000c0df8f80,0x00000000c9700000)
 Metaspace       used 48189K, capacity 48626K, committed 49112K, reserved 1091584K
  class space    used 7203K, capacity 7286K, committed 7384K, reserved 1048576K
}
Event: 9.106 GC heap before
{Heap before GC invocations=12 (full 2):
 PSYoungGen      total 169984K, used 169981K [0x00000000eab00000, 0x00000000f6680000, 0x0000000100000000)
  eden space 160256K, 100% used [0x00000000eab00000,0x00000000f4780000,0x00000000f4780000)
  from space 9728K, 99% used [0x00000000f4780000,0x00000000f50ff6e0,0x00000000f5100000)
  to   space 11264K, 0% used [0x00000000f5b80000,0x00000000f5b80000,0x00000000f6680000)
 ParOldGen       total 154624K, used 14307K [0x00000000c0000000, 0x00000000c9700000, 0x00000000eab00000)
  object space 154624K, 9% used [0x00000000c0000000,0x00000000c0df8f80,0x00000000c9700000)
 Metaspace       used 55812K, capacity 56190K, committed 56664K, reserved 1097728K
  class space    used 8400K, capacity 8504K, committed 8536K, reserved 1048576K
Event: 9.116 GC heap after
Heap after GC invocations=12 (full 2):
 PSYoungGen      total 177664K, used 11262K [0x00000000eab00000, 0x00000000f8500000, 0x0000000100000000)
  eden space 166400K, 0% used [0x00000000eab00000,0x00000000eab00000,0x00000000f4d80000)
  from space 11264K, 99% used [0x00000000f5b80000,0x00000000f667fb80,0x00000000f6680000)
  to   space 14336K, 0% used [0x00000000f4d80000,0x00000000f4d80000,0x00000000f5b80000)
 ParOldGen       total 154624K, used 19650K [0x00000000c0000000, 0x00000000c9700000, 0x00000000eab00000)
  object space 154624K, 12% used [0x00000000c0000000,0x00000000c1330980,0x00000000c9700000)
 Metaspace       used 55812K, capacity 56190K, committed 56664K, reserved 1097728K
  class space    used 8400K, capacity 8504K, committed 8536K, reserved 1048576K
}
Event: 9.381 GC heap before
{Heap before GC invocations=13 (full 2):
 PSYoungGen      total 177664K, used 75503K [0x00000000eab00000, 0x00000000f8500000, 0x0000000100000000)
  eden space 166400K, 38% used [0x00000000eab00000,0x00000000ee9bc460,0x00000000f4d80000)
  from space 11264K, 99% used [0x00000000f5b80000,0x00000000f667fb80,0x00000000f6680000)
  to   space 14336K, 0% used [0x00000000f4d80000,0x00000000f4d80000,0x00000000f5b80000)
 ParOldGen       total 154624K, used 19650K [0x00000000c0000000, 0x00000000c9700000, 0x00000000eab00000)
  object space 154624K, 12% used [0x00000000c0000000,0x00000000c1330980,0x00000000c9700000)
 Metaspace       used 58284K, capacity 58686K, committed 59028K, reserved 1099776K
  class space    used 8784K, capacity 8888K, committed 8920K, reserved 1048576K
Event: 9.388 GC heap after
Heap after GC invocations=13 (full 2):
 PSYoungGen      total 180736K, used 11886K [0x00000000eab00000, 0x00000000f9400000, 0x0000000100000000)
  eden space 166400K, 0% used [0x00000000eab00000,0x00000000eab00000,0x00000000f4d80000)
  from space 14336K, 82% used [0x00000000f4d80000,0x00000000f591b9b8,0x00000000f5b80000)
  to   space 14848K, 0% used [0x00000000f8580000,0x00000000f8580000,0x00000000f9400000)
 ParOldGen       total 154624K, used 20704K [0x00000000c0000000, 0x00000000c9700000, 0x00000000eab00000)
  object space 154624K, 13% used [0x00000000c0000000,0x00000000c14380f0,0x00000000c9700000)
 Metaspace       used 58284K, capacity 58686K, committed 59028K, reserved 1099776K
  class space    used 8784K, capacity 8888K, committed 8920K, reserved 1048576K
}
Event: 9.388 GC heap before
{Heap before GC invocations=14 (full 3):
 PSYoungGen      total 180736K, used 11886K [0x00000000eab00000, 0x00000000f9400000, 0x0000000100000000)
  eden space 166400K, 0% used [0x00000000eab00000,0x00000000eab00000,0x00000000f4d80000)
  from space 14336K, 82% used [0x00000000f4d80000,0x00000000f591b9b8,0x00000000f5b80000)
  to   space 14848K, 0% used [0x00000000f8580000,0x00000000f8580000,0x00000000f9400000)
 ParOldGen       total 154624K, used 20704K [0x00000000c0000000, 0x00000000c9700000, 0x00000000eab00000)
  object space 154624K, 13% used [0x00000000c0000000,0x00000000c14380f0,0x00000000c9700000)
 Metaspace       used 58284K, capacity 58686K, committed 59028K, reserved 1099776K
  class space    used 8784K, capacity 8888K, committed 8920K, reserved 1048576K
Event: 9.490 GC heap after
Heap after GC invocations=14 (full 3):
 PSYoungGen      total 180736K, used 0K [0x00000000eab00000, 0x00000000f9400000, 0x0000000100000000)
  eden space 166400K, 0% used [0x00000000eab00000,0x00000000eab00000,0x00000000f4d80000)
  from space 14336K, 0% used [0x00000000f4d80000,0x00000000f4d80000,0x00000000f5b80000)
  to   space 14848K, 0% used [0x00000000f8580000,0x00000000f8580000,0x00000000f9400000)
 ParOldGen       total 217088K, used 21118K [0x00000000c0000000, 0x00000000cd400000, 0x00000000eab00000)
  object space 217088K, 9% used [0x00000000c0000000,0x00000000c149f910,0x00000000cd400000)
 Metaspace       used 58284K, capacity 58686K, committed 59028K, reserved 1099776K
  class space    used 8784K, capacity 8888K, committed 8920K, reserved 1048576K
}
Event: 10.347 GC heap before
{Heap before GC invocations=15 (full 3):
 PSYoungGen      total 180736K, used 166400K [0x00000000eab00000, 0x00000000f9400000, 0x0000000100000000)
  eden space 166400K, 100% used [0x00000000eab00000,0x00000000f4d80000,0x00000000f4d80000)
  from space 14336K, 0% used [0x00000000f4d80000,0x00000000f4d80000,0x00000000f5b80000)
  to   space 14848K, 0% used [0x00000000f8580000,0x00000000f8580000,0x00000000f9400000)
 ParOldGen       total 217088K, used 21118K [0x00000000c0000000, 0x00000000cd400000, 0x00000000eab00000)
  object space 217088K, 9% used [0x00000000c0000000,0x00000000c149f910,0x00000000cd400000)
 Metaspace       used 65409K, capacity 65868K, committed 66392K, reserved 1105920K
  class space    used 9855K, capacity 9976K, committed 10072K, reserved 1048576K
Event: 10.354 GC heap after
Heap after GC invocations=15 (full 3):
 PSYoungGen      total 212480K, used 7874K [0x00000000eab00000, 0x00000000f8e00000, 0x0000000100000000)
  eden space 203776K, 0% used [0x00000000eab00000,0x00000000eab00000,0x00000000f7200000)
  from space 8704K, 90% used [0x00000000f8580000,0x00000000f8d30988,0x00000000f8e00000)
  to   space 14336K, 0% used [0x00000000f7200000,0x00000000f7200000,0x00000000f8000000)
 ParOldGen       total 217088K, used 21126K [0x00000000c0000000, 0x00000000cd400000, 0x00000000eab00000)
  object space 217088K, 9% used [0x00000000c0000000,0x00000000c14a1910,0x00000000cd400000)
 Metaspace       used 65409K, capacity 65868K, committed 66392K, reserved 1105920K
  class space    used 9855K, capacity 9976K, committed 10072K, reserved 1048576K
}

