# JRE version: Java(TM) SE Runtime Environment (8.0_201-b09) (build 1.8.0_201-b09)
# Java VM: Java HotSpot(TM) 64-Bit Server VM (25.201-b09 mixed mode windows-amd64 compressed oops)
Heap:
 PSYoungGen      total 76288K, used 56212K [0x00000000eab00000, 0x00000000f2500000, 0x0000000100000000)
  eden space 65536K, 76% used [0x00000000eab00000,0x00000000edc02bf8,0x00000000eeb00000)
  from space 10752K, 56% used [0x00000000eeb00000,0x00000000ef0e2668,0x00000000ef580000)
  to   space 8704K, 0% used [0x00000000f1c80000,0x00000000f1c80000,0x00000000f2500000)
 ParOldGen       total 90624K, used 4222K [0x00000000c0000000, 0x00000000c5880000, 0x00000000eab00000)
  object space 90624K, 4% used [0x00000000c0000000,0x00000000c041f938,0x00000000c5880000)
 Metaspace       used 29020K, capacity 29282K, committed 29616K, reserved 1075200K
  class space    used 4122K, capacity 4207K, committed 4272K, reserved 1048576K
GC Heap History (10 events):
Event: 2.334 GC heap before
{Heap before GC invocations=2 (full 0):
 PSYoungGen      total 76288K, used 72093K [0x00000000eab00000, 0x00000000f0000000, 0x0000000100000000)
  eden space 65536K, 100% used [0x00000000eab00000,0x00000000eeb00000,0x00000000eeb00000)
  from space 10752K, 60% used [0x00000000eeb00000,0x00000000ef1676d8,0x00000000ef580000)
  to   space 10752K, 0% used [0x00000000ef580000,0x00000000ef580000,0x00000000f0000000)
 ParOldGen       total 175104K, used 8K [0x00000000c0000000, 0x00000000cab00000, 0x00000000eab00000)
  object space 175104K, 0% used [0x00000000c0000000,0x00000000c0002000,0x00000000cab00000)
 Metaspace       used 14847K, capacity 15004K, committed 15104K, reserved 1062912K
  class space    used 2172K, capacity 2228K, committed 2304K, reserved 1048576K
Event: 2.339 GC heap after
Heap after GC invocations=2 (full 0):
 PSYoungGen      total 76288K, used 7031K [0x00000000eab00000, 0x00000000f0000000, 0x0000000100000000)
  eden space 65536K, 0% used [0x00000000eab00000,0x00000000eab00000,0x00000000eeb00000)
  from space 10752K, 65% used [0x00000000ef580000,0x00000000efc5dc48,0x00000000f0000000)
  to   space 10752K, 0% used [0x00000000eeb00000,0x00000000eeb00000,0x00000000ef580000)
 ParOldGen       total 175104K, used 16K [0x00000000c0000000, 0x00000000cab00000, 0x00000000eab00000)
  object space 175104K, 0% used [0x00000000c0000000,0x00000000c0004000,0x00000000cab00000)
 Metaspace       used 14847K, capacity 15004K, committed 15104K, reserved 1062912K
  class space    used 2172K, capacity 2228K, committed 2304K, reserved 1048576K
}
Event: 2.876 GC heap before
{Heap before GC invocations=3 (full 0):
 PSYoungGen      total 76288K, used 72567K [0x00000000eab00000, 0x00000000f0000000, 0x0000000100000000)
  eden space 65536K, 100% used [0x00000000eab00000,0x00000000eeb00000,0x00000000eeb00000)
  from space 10752K, 65% used [0x00000000ef580000,0x00000000efc5dc48,0x00000000f0000000)
  to   space 10752K, 0% used [0x00000000eeb00000,0x00000000eeb00000,0x00000000ef580000)
 ParOldGen       total 175104K, used 16K [0x00000000c0000000, 0x00000000cab00000, 0x00000000eab00000)
  object space 175104K, 0% used [0x00000000c0000000,0x00000000c0004000,0x00000000cab00000)
 Metaspace       used 19843K, capacity 20008K, committed 20096K, reserved 1067008K
  class space    used 2883K, capacity 2934K, committed 2944K, reserved 1048576K
Event: 2.881 GC heap after
Heap after GC invocations=3 (full 0):
 PSYoungGen      total 76288K, used 7788K [0x00000000eab00000, 0x00000000f0000000, 0x0000000100000000)
  eden space 65536K, 0% used [0x00000000eab00000,0x00000000eab00000,0x00000000eeb00000)
  from space 10752K, 72% used [0x00000000eeb00000,0x00000000ef29b368,0x00000000ef580000)
  to   space 10752K, 0% used [0x00000000ef580000,0x00000000ef580000,0x00000000f0000000)
 ParOldGen       total 175104K, used 96K [0x00000000c0000000, 0x00000000cab00000, 0x00000000eab00000)
  object space 175104K, 0% used [0x00000000c0000000,0x00000000c0018028,0x00000000cab00000)
 Metaspace       used 19843K, capacity 20008K, committed 20096K, reserved 1067008K
  class space    used 2883K, capacity 2934K, committed 2944K, reserved 1048576K
}
Event: 2.945 GC heap before
{Heap before GC invocations=4 (full 0):
 PSYoungGen      total 76288K, used 10397K [0x00000000eab00000, 0x00000000f0000000, 0x0000000100000000)
  eden space 65536K, 3% used [0x00000000eab00000,0x00000000ead8c2a0,0x00000000eeb00000)
  from space 10752K, 72% used [0x00000000eeb00000,0x00000000ef29b368,0x00000000ef580000)
  to   space 10752K, 0% used [0x00000000ef580000,0x00000000ef580000,0x00000000f0000000)
 ParOldGen       total 175104K, used 96K [0x00000000c0000000, 0x00000000cab00000, 0x00000000eab00000)
  object space 175104K, 0% used [0x00000000c0000000,0x00000000c0018028,0x00000000cab00000)
 Metaspace       used 20931K, capacity 21140K, committed 21296K, reserved 1067008K
  class space    used 3029K, capacity 3100K, committed 3120K, reserved 1048576K
Event: 2.948 GC heap after
Heap after GC invocations=4 (full 0):
 PSYoungGen      total 76288K, used 4320K [0x00000000eab00000, 0x00000000f0000000, 0x0000000100000000)
  eden space 65536K, 0% used [0x00000000eab00000,0x00000000eab00000,0x00000000eeb00000)
  from space 10752K, 40% used [0x00000000ef580000,0x00000000ef9b8190,0x00000000f0000000)
  to   space 10752K, 0% used [0x00000000eeb00000,0x00000000eeb00000,0x00000000ef580000)
 ParOldGen       total 175104K, used 104K [0x00000000c0000000, 0x00000000cab00000, 0x00000000eab00000)
  object space 175104K, 0% used [0x00000000c0000000,0x00000000c001a028,0x00000000cab00000)
 Metaspace       used 20931K, capacity 21140K, committed 21296K, reserved 1067008K
  class space    used 3029K, capacity 3100K, committed 3120K, reserved 1048576K
}
Event: 2.948 GC heap before
{Heap before GC invocations=5 (full 1):
 PSYoungGen      total 76288K, used 4320K [0x00000000eab00000, 0x00000000f0000000, 0x0000000100000000)
  eden space 65536K, 0% used [0x00000000eab00000,0x00000000eab00000,0x00000000eeb00000)
  from space 10752K, 40% used [0x00000000ef580000,0x00000000ef9b8190,0x00000000f0000000)
  to   space 10752K, 0% used [0x00000000eeb00000,0x00000000eeb00000,0x00000000ef580000)
 ParOldGen       total 175104K, used 104K [0x00000000c0000000, 0x00000000cab00000, 0x00000000eab00000)
  object space 175104K, 0% used [0x00000000c0000000,0x00000000c001a028,0x00000000cab00000)
 Metaspace       used 20931K, capacity 21140K, committed 21296K, reserved 1067008K
  class space    used 3029K, capacity 3100K, committed 3120K, reserved 1048576K
Event: 2.970 GC heap after
Heap after GC invocations=5 (full 1):
 PSYoungGen      total 76288K, used 0K [0x00000000eab00000, 0x00000000f0000000, 0x0000000100000000)
  eden space 65536K, 0% used [0x00000000eab00000,0x00000000eab00000,0x00000000eeb00000)
  from space 10752K, 0% used [0x00000000ef580000,0x00000000ef580000,0x00000000f0000000)
  to   space 10752K, 0% used [0x00000000eeb00000,0x00000000eeb00000,0x00000000ef580000)
 ParOldGen       total 90624K, used 4214K [0x00000000c0000000, 0x00000000c5880000, 0x00000000eab00000)
  object space 90624K, 4% used [0x00000000c0000000,0x00000000c041d938,0x00000000c5880000)
 Metaspace       used 20931K, capacity 21140K, committed 21296K, reserved 1067008K
  class space    used 3029K, capacity 3100K, committed 3120K, reserved 1048576K
}
Event: 4.037 GC heap before
{Heap before GC invocations=6 (full 1):
 PSYoungGen      total 76288K, used 65536K [0x00000000eab00000, 0x00000000f0000000, 0x0000000100000000)
  eden space 65536K, 100% used [0x00000000eab00000,0x00000000eeb00000,0x00000000eeb00000)
  from space 10752K, 0% used [0x00000000ef580000,0x00000000ef580000,0x00000000f0000000)
  to   space 10752K, 0% used [0x00000000eeb00000,0x00000000eeb00000,0x00000000ef580000)
 ParOldGen       total 90624K, used 4214K [0x00000000c0000000, 0x00000000c5880000, 0x00000000eab00000)
  object space 90624K, 4% used [0x00000000c0000000,0x00000000c041d938,0x00000000c5880000)
 Metaspace       used 26018K, capacity 26256K, committed 26672K, reserved 1073152K
  class space    used 3733K, capacity 3820K, committed 3888K, reserved 1048576K
Event: 4.041 GC heap after
Heap after GC invocations=6 (full 1):
 PSYoungGen      total 76288K, used 6025K [0x00000000eab00000, 0x00000000f2500000, 0x0000000100000000)
  eden space 65536K, 0% used [0x00000000eab00000,0x00000000eab00000,0x00000000eeb00000)
  from space 10752K, 56% used [0x00000000eeb00000,0x00000000ef0e2668,0x00000000ef580000)
  to   space 8704K, 0% used [0x00000000f1c80000,0x00000000f1c80000,0x00000000f2500000)
 ParOldGen       total 90624K, used 4222K [0x00000000c0000000, 0x00000000c5880000, 0x00000000eab00000)
  object space 90624K, 4% used [0x00000000c0000000,0x00000000c041f938,0x00000000c5880000)
 Metaspace       used 26018K, capacity 26256K, committed 26672K, reserved 1073152K
  class space    used 3733K, capacity 3820K, committed 3888K, reserved 1048576K
}

